Using pre-set license
Built from '2021.3/staging' branch; Version is '2021.3.29f1 (204d6dc9ae1c) revision 2116973'; Using compiler version '192829333'; Build Type 'Release'
OS: 'Windows 10  (10.0.19045) 64bit Professional' Language: 'es' Physical Memory: 16205 MB
BatchMode: 1, IsHumanControllingUs: 0, StartBugReporterOnCrash: 0, Is64bit: 1, IsPro: 1

COMMAND LINE ARGUMENTS:
C:\Program Files\Unity\Hub\Editor\2021.3.29f1\Editor\Unity.exe
-adb2
-batchMode
-noUpm
-name
AssetImportWorker1
-projectPath
C:/Users/Maria Eguenia  Rodri/Desktop/Progra-Sistemas/Progra-Sistemas/HunterXD
-logFile
Logs/AssetImportWorker1.log
-srvPort
59553
Successfully changed project path to: C:/Users/Maria Eguenia  Rodri/Desktop/Progra-Sistemas/Progra-Sistemas/HunterXD
C:/Users/Maria Eguenia  Rodri/Desktop/Progra-Sistemas/Progra-Sistemas/HunterXD
[UnityMemory] Configuration Parameters - Can be set up in boot.config
    "memorysetup-bucket-allocator-granularity=16"
    "memorysetup-bucket-allocator-bucket-count=8"
    "memorysetup-bucket-allocator-block-size=33554432"
    "memorysetup-bucket-allocator-block-count=8"
    "memorysetup-main-allocator-block-size=16777216"
    "memorysetup-thread-allocator-block-size=16777216"
    "memorysetup-gfx-main-allocator-block-size=16777216"
    "memorysetup-gfx-thread-allocator-block-size=16777216"
    "memorysetup-cache-allocator-block-size=4194304"
    "memorysetup-typetree-allocator-block-size=2097152"
    "memorysetup-profiler-bucket-allocator-granularity=16"
    "memorysetup-profiler-bucket-allocator-bucket-count=8"
    "memorysetup-profiler-bucket-allocator-block-size=33554432"
    "memorysetup-profiler-bucket-allocator-block-count=8"
    "memorysetup-profiler-allocator-block-size=16777216"
    "memorysetup-profiler-editor-allocator-block-size=1048576"
    "memorysetup-temp-allocator-size-main=16777216"
    "memorysetup-job-temp-allocator-block-size=2097152"
    "memorysetup-job-temp-allocator-block-size-background=1048576"
    "memorysetup-job-temp-allocator-reduction-small-platforms=262144"
    "memorysetup-temp-allocator-size-background-worker=32768"
    "memorysetup-temp-allocator-size-job-worker=262144"
    "memorysetup-temp-allocator-size-preload-manager=33554432"
    "memorysetup-temp-allocator-size-nav-mesh-worker=65536"
    "memorysetup-temp-allocator-size-audio-worker=65536"
    "memorysetup-temp-allocator-size-cloud-worker=32768"
    "memorysetup-temp-allocator-size-gi-baking-worker=262144"
    "memorysetup-temp-allocator-size-gfx=262144"
Player connection [2184] Host "[IP] 192.168.1.14 [Port] 0 [Flags] 2 [Guid] 2426713983 [EditorId] 2426713983 [Version] 1048832 [Id] WindowsEditor(7,DESKTOP-CLU9Q9G) [Debug] 1 [PackageName] WindowsEditor [ProjectName] Editor" joined multi-casting on [225.0.0.222:54997]...

Player connection [2184] Host "[IP] 192.168.1.14 [Port] 0 [Flags] 2 [Guid] 2426713983 [EditorId] 2426713983 [Version] 1048832 [Id] WindowsEditor(7,DESKTOP-CLU9Q9G) [Debug] 1 [PackageName] WindowsEditor [ProjectName] Editor" joined alternative multi-casting on [225.0.0.222:34997]...

Refreshing native plugins compatible for Editor in 243.91 ms, found 4 plugins.
Preloading 0 native plugins for Editor in 0.00 ms.
Initialize engine version: 2021.3.29f1 (204d6dc9ae1c)
[Subsystems] Discovering subsystems at path C:/Program Files/Unity/Hub/Editor/2021.3.29f1/Editor/Data/Resources/UnitySubsystems
[Subsystems] Discovering subsystems at path C:/Users/Maria Eguenia  Rodri/Desktop/Progra-Sistemas/Progra-Sistemas/HunterXD/Assets
GfxDevice: creating device client; threaded=0; jobified=0
Direct3D:
    Version:  Direct3D 11.0 [level 11.1]
    Renderer: Intel(R) HD Graphics 520 (ID=0x1916)
    Vendor:   Intel
    VRAM:     8102 MB
    Driver:   26.20.100.8142
Initialize mono
Mono path[0] = 'C:/Program Files/Unity/Hub/Editor/2021.3.29f1/Editor/Data/Managed'
Mono path[1] = 'C:/Program Files/Unity/Hub/Editor/2021.3.29f1/Editor/Data/MonoBleedingEdge/lib/mono/unityjit-win32'
Mono config path = 'C:/Program Files/Unity/Hub/Editor/2021.3.29f1/Editor/Data/MonoBleedingEdge/etc'
Using monoOptions --debugger-agent=transport=dt_socket,embedding=1,server=y,suspend=n,address=127.0.0.1:56556
Begin MonoManager ReloadAssembly
Registering precompiled unity dll's ...
Register platform support module: C:/Program Files/Unity/Hub/Editor/2021.3.29f1/Editor/Data/PlaybackEngines/WindowsStandaloneSupport/UnityEditor.WindowsStandalone.Extensions.dll
Registered in 0.074818 seconds.
Native extension for WindowsStandalone target not found
Refreshing native plugins compatible for Editor in 197.28 ms, found 4 plugins.
Preloading 0 native plugins for Editor in 0.00 ms.
Mono: successfully reloaded assembly
- Completed reload, in  1.468 seconds
Domain Reload Profiling:
	ReloadAssembly (1469ms)
		BeginReloadAssembly (190ms)
			ExecutionOrderSort (0ms)
			DisableScriptedObjects (0ms)
			BackupInstance (0ms)
			ReleaseScriptingObjects (0ms)
			CreateAndSetChildDomain (1ms)
		EndReloadAssembly (875ms)
			LoadAssemblies (186ms)
			RebuildTransferFunctionScriptingTraits (0ms)
			SetupTypeCache (230ms)
			ReleaseScriptCaches (0ms)
			RebuildScriptCaches (51ms)
			SetupLoadedEditorAssemblies (508ms)
				LogAssemblyErrors (0ms)
				InitializePlatformSupportModulesInManaged (15ms)
				SetLoadedEditorAssemblies (1ms)
				RefreshPlugins (197ms)
				BeforeProcessingInitializeOnLoad (3ms)
				ProcessInitializeOnLoadAttributes (219ms)
				ProcessInitializeOnLoadMethodAttributes (73ms)
				AfterProcessingInitializeOnLoad (0ms)
				EditorAssembliesLoaded (0ms)
			ExecutionOrderSort2 (0ms)
			AwakeInstancesAfterBackupRestoration (0ms)
Platform modules already initialized, skipping
Registering precompiled user dll's ...
Registered in 0.012534 seconds.
Begin MonoManager ReloadAssembly
Symbol file LoadedFromMemory doesn't match image C:\Users\Maria Eguenia  Rodri\Desktop\Progra-Sistemas\Progra-Sistemas\HunterXD\Library\PackageCache\com.unity.visualscripting@1.8.0\Editor\VisualScripting.Core\Dependencies\YamlDotNet\Unity.VisualScripting.YamlDotNet.dll
Symbol file LoadedFromMemory doesn't match image C:\Users\Maria Eguenia  Rodri\Desktop\Progra-Sistemas\Progra-Sistemas\HunterXD\Library\PackageCache\com.unity.visualscripting@1.8.0\Editor\VisualScripting.Core\Dependencies\DotNetZip\Unity.VisualScripting.IonicZip.dll
Native extension for WindowsStandalone target not found
Refreshing native plugins compatible for Editor in 203.42 ms, found 4 plugins.
Preloading 0 native plugins for Editor in 0.00 ms.
Mono: successfully reloaded assembly
- Completed reload, in 11.108 seconds
Domain Reload Profiling:
	ReloadAssembly (11109ms)
		BeginReloadAssembly (250ms)
			ExecutionOrderSort (0ms)
			DisableScriptedObjects (8ms)
			BackupInstance (0ms)
			ReleaseScriptingObjects (0ms)
			CreateAndSetChildDomain (40ms)
		EndReloadAssembly (10589ms)
			LoadAssemblies (8129ms)
			RebuildTransferFunctionScriptingTraits (0ms)
			SetupTypeCache (1310ms)
			ReleaseScriptCaches (1ms)
			RebuildScriptCaches (113ms)
			SetupLoadedEditorAssemblies (1012ms)
				LogAssemblyErrors (0ms)
				InitializePlatformSupportModulesInManaged (9ms)
				SetLoadedEditorAssemblies (1ms)
				RefreshPlugins (204ms)
				BeforeProcessingInitializeOnLoad (167ms)
				ProcessInitializeOnLoadAttributes (536ms)
				ProcessInitializeOnLoadMethodAttributes (80ms)
				AfterProcessingInitializeOnLoad (16ms)
				EditorAssembliesLoaded (0ms)
			ExecutionOrderSort2 (0ms)
			AwakeInstancesAfterBackupRestoration (11ms)
Platform modules already initialized, skipping
========================================================================
Worker process is ready to serve import requests
Launched and connected shader compiler UnityShaderCompiler.exe after 0.17 seconds
Refreshing native plugins compatible for Editor in 1.60 ms, found 4 plugins.
Preloading 0 native plugins for Editor in 0.00 ms.
Unloading 3841 Unused Serialized files (Serialized files now loaded: 0)
Unloading 35 unused Assets / (46.8 KB). Loaded Objects now: 4302.
Memory consumption went from 148.9 MB to 148.9 MB.
Total: 11.879600 ms (FindLiveObjects: 0.378400 ms CreateObjectMapping: 0.302200 ms MarkObjects: 11.052100 ms  DeleteObjects: 0.145800 ms)

AssetImportParameters requested are different than current active one (requested -> active):
  custom:video-decoder-ogg-theora: a1e56fd34408186e4bbccfd4996cb3dc -> 
  custom:container-muxer-webm: aa71ff27fc2769a1b78a27578f13a17b -> 
  custom:container-demuxer-webm: 4f35f7cbe854078d1ac9338744f61a02 -> 
  custom:video-encoder-webm-vp8: eb34c28f22e8b96e1ab97ce403110664 -> 
  custom:CustomObjectIndexerAttribute: bc11b3a6c3213fcdd17b65e7da85e133 -> 
  custom:audio-encoder-webm-vorbis: bf7c407c2cedff20999df2af8eb42d56 -> 
  custom:framework-win-MediaFoundation: 216162199b28c13a410421893ffa2e32 -> 
  custom:container-demuxer-ogg: 62fdf1f143b41e24485cea50d1cbac27 -> 
  custom:video-decoder-webm-vp8: 9c59270c3fd7afecdb556c50c9e8de78 -> 
  custom:audio-decoder-ogg-vorbis: bf7c407c2cedff20999df2af8eb42d56 -> 
========================================================================
Received Import Request.
  Time since last request: 77334.711058 seconds.
  path: Assets/JorgeFolder/Level_01.unity
  artifactKey: Guid(1457d1c12dd9eeb43b0fefecb05b6e5b) Importer(815301076,1909f56bfc062723c751e8b465ee728b)
Start importing Assets/JorgeFolder/Level_01.unity using Guid(1457d1c12dd9eeb43b0fefecb05b6e5b) Importer(815301076,1909f56bfc062723c751e8b465ee728b)  -> (artifact id: '61254f7f5cb19829fd639909252a7a87') in 0.028776 seconds 
========================================================================
Received Import Request.
  Time since last request: 0.000034 seconds.
  path: Assets/Scenes/MainMenu.unity
  artifactKey: Guid(2cda990e2423bbf4892e6590ba056729) Importer(815301076,1909f56bfc062723c751e8b465ee728b)
Start importing Assets/Scenes/MainMenu.unity using Guid(2cda990e2423bbf4892e6590ba056729) Importer(815301076,1909f56bfc062723c751e8b465ee728b)  -> (artifact id: '7048b6371fc780567ffba99c87d52ff3') in 0.026584 seconds 
========================================================================
Received Import Request.
  Time since last request: 1065.468620 seconds.
  path: Assets/JorgeFolder/Level_01.unity
  artifactKey: Guid(1457d1c12dd9eeb43b0fefecb05b6e5b) Importer(815301076,1909f56bfc062723c751e8b465ee728b)
Start importing Assets/JorgeFolder/Level_01.unity using Guid(1457d1c12dd9eeb43b0fefecb05b6e5b) Importer(815301076,1909f56bfc062723c751e8b465ee728b)  -> (artifact id: 'd6ba500c8314ce0124cc306ba3b3906a') in 0.017273 seconds 
========================================================================
Received Prepare
Registering precompiled user dll's ...
Registered in 0.012268 seconds.
Begin MonoManager ReloadAssembly
Symbol file LoadedFromMemory doesn't match image C:\Users\Maria Eguenia  Rodri\Desktop\Progra-Sistemas\Progra-Sistemas\HunterXD\Library\PackageCache\com.unity.visualscripting@1.8.0\Editor\VisualScripting.Core\Dependencies\YamlDotNet\Unity.VisualScripting.YamlDotNet.dll
Symbol file LoadedFromMemory doesn't match image C:\Users\Maria Eguenia  Rodri\Desktop\Progra-Sistemas\Progra-Sistemas\HunterXD\Library\PackageCache\com.unity.visualscripting@1.8.0\Editor\VisualScripting.Core\Dependencies\DotNetZip\Unity.VisualScripting.IonicZip.dll
Native extension for WindowsStandalone target not found
Refreshing native plugins compatible for Editor in 2.23 ms, found 4 plugins.
Preloading 0 native plugins for Editor in 0.00 ms.
Mono: successfully reloaded assembly
- Completed reload, in  3.538 seconds
Domain Reload Profiling:
	ReloadAssembly (3540ms)
		BeginReloadAssembly (306ms)
			ExecutionOrderSort (0ms)
			DisableScriptedObjects (18ms)
			BackupInstance (0ms)
			ReleaseScriptingObjects (0ms)
			CreateAndSetChildDomain (89ms)
		EndReloadAssembly (2754ms)
			LoadAssemblies (278ms)
			RebuildTransferFunctionScriptingTraits (0ms)
			SetupTypeCache (431ms)
			ReleaseScriptCaches (2ms)
			RebuildScriptCaches (222ms)
			SetupLoadedEditorAssemblies (1515ms)
				LogAssemblyErrors (0ms)
				InitializePlatformSupportModulesInManaged (55ms)
				SetLoadedEditorAssemblies (2ms)
				RefreshPlugins (2ms)
				BeforeProcessingInitializeOnLoad (332ms)
				ProcessInitializeOnLoadAttributes (851ms)
				ProcessInitializeOnLoadMethodAttributes (232ms)
				AfterProcessingInitializeOnLoad (41ms)
				EditorAssembliesLoaded (0ms)
			ExecutionOrderSort2 (0ms)
			AwakeInstancesAfterBackupRestoration (36ms)
Platform modules already initialized, skipping
Refreshing native plugins compatible for Editor in 7.41 ms, found 4 plugins.
Preloading 0 native plugins for Editor in 0.00 ms.
Unloading 3817 Unused Serialized files (Serialized files now loaded: 0)
Unloading 22 unused Assets / (21.9 KB). Loaded Objects now: 4305.
Memory consumption went from 146.5 MB to 146.4 MB.
Total: 10.682400 ms (FindLiveObjects: 0.875500 ms CreateObjectMapping: 0.330800 ms MarkObjects: 8.750800 ms  DeleteObjects: 0.719400 ms)

AssetImportParameters requested are different than current active one (requested -> active):
  custom:video-decoder-ogg-theora: a1e56fd34408186e4bbccfd4996cb3dc -> 
  custom:container-muxer-webm: aa71ff27fc2769a1b78a27578f13a17b -> 
  custom:container-demuxer-webm: 4f35f7cbe854078d1ac9338744f61a02 -> 
  custom:video-encoder-webm-vp8: eb34c28f22e8b96e1ab97ce403110664 -> 
  custom:CustomObjectIndexerAttribute: bc11b3a6c3213fcdd17b65e7da85e133 -> 
  custom:audio-encoder-webm-vorbis: bf7c407c2cedff20999df2af8eb42d56 -> 
  custom:framework-win-MediaFoundation: 216162199b28c13a410421893ffa2e32 -> 
  custom:container-demuxer-ogg: 62fdf1f143b41e24485cea50d1cbac27 -> 
  custom:video-decoder-webm-vp8: 9c59270c3fd7afecdb556c50c9e8de78 -> 
  custom:audio-decoder-ogg-vorbis: bf7c407c2cedff20999df2af8eb42d56 -> 
========================================================================
Received Prepare
Registering precompiled user dll's ...
Registered in 0.012053 seconds.
Begin MonoManager ReloadAssembly
Symbol file LoadedFromMemory doesn't match image C:\Users\Maria Eguenia  Rodri\Desktop\Progra-Sistemas\Progra-Sistemas\HunterXD\Library\PackageCache\com.unity.visualscripting@1.8.0\Editor\VisualScripting.Core\Dependencies\YamlDotNet\Unity.VisualScripting.YamlDotNet.dll
Symbol file LoadedFromMemory doesn't match image C:\Users\Maria Eguenia  Rodri\Desktop\Progra-Sistemas\Progra-Sistemas\HunterXD\Library\PackageCache\com.unity.visualscripting@1.8.0\Editor\VisualScripting.Core\Dependencies\DotNetZip\Unity.VisualScripting.IonicZip.dll
Native extension for WindowsStandalone target not found
Refreshing native plugins compatible for Editor in 8.55 ms, found 4 plugins.
Preloading 0 native plugins for Editor in 0.00 ms.
Mono: successfully reloaded assembly
- Completed reload, in  4.304 seconds
Domain Reload Profiling:
	ReloadAssembly (4313ms)
		BeginReloadAssembly (317ms)
			ExecutionOrderSort (0ms)
			DisableScriptedObjects (16ms)
			BackupInstance (0ms)
			ReleaseScriptingObjects (0ms)
			CreateAndSetChildDomain (62ms)
		EndReloadAssembly (3717ms)
			LoadAssemblies (386ms)
			RebuildTransferFunctionScriptingTraits (0ms)
			SetupTypeCache (1009ms)
			ReleaseScriptCaches (2ms)
			RebuildScriptCaches (281ms)
			SetupLoadedEditorAssemblies (1529ms)
				LogAssemblyErrors (0ms)
				InitializePlatformSupportModulesInManaged (31ms)
				SetLoadedEditorAssemblies (2ms)
				RefreshPlugins (10ms)
				BeforeProcessingInitializeOnLoad (383ms)
				ProcessInitializeOnLoadAttributes (701ms)
				ProcessInitializeOnLoadMethodAttributes (307ms)
				AfterProcessingInitializeOnLoad (93ms)
				EditorAssembliesLoaded (0ms)
			ExecutionOrderSort2 (0ms)
			AwakeInstancesAfterBackupRestoration (46ms)
Platform modules already initialized, skipping
Refreshing native plugins compatible for Editor in 5.27 ms, found 4 plugins.
Preloading 0 native plugins for Editor in 0.00 ms.
Unloading 3817 Unused Serialized files (Serialized files now loaded: 0)
Unloading 22 unused Assets / (22.0 KB). Loaded Objects now: 4308.
Memory consumption went from 146.5 MB to 146.5 MB.
Total: 14.930000 ms (FindLiveObjects: 1.010800 ms CreateObjectMapping: 0.236600 ms MarkObjects: 13.518900 ms  DeleteObjects: 0.162500 ms)

AssetImportParameters requested are different than current active one (requested -> active):
  custom:video-decoder-ogg-theora: a1e56fd34408186e4bbccfd4996cb3dc -> 
  custom:container-muxer-webm: aa71ff27fc2769a1b78a27578f13a17b -> 
  custom:container-demuxer-webm: 4f35f7cbe854078d1ac9338744f61a02 -> 
  custom:video-encoder-webm-vp8: eb34c28f22e8b96e1ab97ce403110664 -> 
  custom:CustomObjectIndexerAttribute: bc11b3a6c3213fcdd17b65e7da85e133 -> 
  custom:audio-encoder-webm-vorbis: bf7c407c2cedff20999df2af8eb42d56 -> 
  custom:framework-win-MediaFoundation: 216162199b28c13a410421893ffa2e32 -> 
  custom:container-demuxer-ogg: 62fdf1f143b41e24485cea50d1cbac27 -> 
  custom:video-decoder-webm-vp8: 9c59270c3fd7afecdb556c50c9e8de78 -> 
  custom:audio-decoder-ogg-vorbis: bf7c407c2cedff20999df2af8eb42d56 -> 
========================================================================
Received Prepare
Registering precompiled user dll's ...
Registered in 0.011221 seconds.
Begin MonoManager ReloadAssembly
Symbol file LoadedFromMemory doesn't match image C:\Users\Maria Eguenia  Rodri\Desktop\Progra-Sistemas\Progra-Sistemas\HunterXD\Library\PackageCache\com.unity.visualscripting@1.8.0\Editor\VisualScripting.Core\Dependencies\YamlDotNet\Unity.VisualScripting.YamlDotNet.dll
Symbol file LoadedFromMemory doesn't match image C:\Users\Maria Eguenia  Rodri\Desktop\Progra-Sistemas\Progra-Sistemas\HunterXD\Library\PackageCache\com.unity.visualscripting@1.8.0\Editor\VisualScripting.Core\Dependencies\DotNetZip\Unity.VisualScripting.IonicZip.dll
Native extension for WindowsStandalone target not found
Refreshing native plugins compatible for Editor in 0.82 ms, found 4 plugins.
Preloading 0 native plugins for Editor in 0.00 ms.
Mono: successfully reloaded assembly
- Completed reload, in  3.218 seconds
Domain Reload Profiling:
	ReloadAssembly (3220ms)
		BeginReloadAssembly (240ms)
			ExecutionOrderSort (0ms)
			DisableScriptedObjects (11ms)
			BackupInstance (0ms)
			ReleaseScriptingObjects (0ms)
			CreateAndSetChildDomain (58ms)
		EndReloadAssembly (2776ms)
			LoadAssemblies (191ms)
			RebuildTransferFunctionScriptingTraits (0ms)
			SetupTypeCache (481ms)
			ReleaseScriptCaches (2ms)
			RebuildScriptCaches (83ms)
			SetupLoadedEditorAssemblies (1808ms)
				LogAssemblyErrors (0ms)
				InitializePlatformSupportModulesInManaged (15ms)
				SetLoadedEditorAssemblies (1ms)
				RefreshPlugins (1ms)
				BeforeProcessingInitializeOnLoad (328ms)
				ProcessInitializeOnLoadAttributes (1171ms)
				ProcessInitializeOnLoadMethodAttributes (253ms)
				AfterProcessingInitializeOnLoad (40ms)
				EditorAssembliesLoaded (0ms)
			ExecutionOrderSort2 (0ms)
			AwakeInstancesAfterBackupRestoration (40ms)
Platform modules already initialized, skipping
Refreshing native plugins compatible for Editor in 6.43 ms, found 4 plugins.
Preloading 0 native plugins for Editor in 0.00 ms.
Unloading 3817 Unused Serialized files (Serialized files now loaded: 0)
Unloading 22 unused Assets / (22.0 KB). Loaded Objects now: 4311.
Memory consumption went from 146.5 MB to 146.5 MB.
Total: 6.004300 ms (FindLiveObjects: 0.360900 ms CreateObjectMapping: 0.367000 ms MarkObjects: 5.233100 ms  DeleteObjects: 0.042000 ms)

AssetImportParameters requested are different than current active one (requested -> active):
  custom:video-decoder-ogg-theora: a1e56fd34408186e4bbccfd4996cb3dc -> 
  custom:container-muxer-webm: aa71ff27fc2769a1b78a27578f13a17b -> 
  custom:container-demuxer-webm: 4f35f7cbe854078d1ac9338744f61a02 -> 
  custom:video-encoder-webm-vp8: eb34c28f22e8b96e1ab97ce403110664 -> 
  custom:CustomObjectIndexerAttribute: bc11b3a6c3213fcdd17b65e7da85e133 -> 
  custom:audio-encoder-webm-vorbis: bf7c407c2cedff20999df2af8eb42d56 -> 
  custom:framework-win-MediaFoundation: 216162199b28c13a410421893ffa2e32 -> 
  custom:container-demuxer-ogg: 62fdf1f143b41e24485cea50d1cbac27 -> 
  custom:video-decoder-webm-vp8: 9c59270c3fd7afecdb556c50c9e8de78 -> 
  custom:audio-decoder-ogg-vorbis: bf7c407c2cedff20999df2af8eb42d56 -> 
========================================================================
Received Prepare
Registering precompiled user dll's ...
Registered in 0.013271 seconds.
Begin MonoManager ReloadAssembly
Symbol file LoadedFromMemory doesn't match image C:\Users\Maria Eguenia  Rodri\Desktop\Progra-Sistemas\Progra-Sistemas\HunterXD\Library\PackageCache\com.unity.visualscripting@1.8.0\Editor\VisualScripting.Core\Dependencies\YamlDotNet\Unity.VisualScripting.YamlDotNet.dll
Symbol file LoadedFromMemory doesn't match image C:\Users\Maria Eguenia  Rodri\Desktop\Progra-Sistemas\Progra-Sistemas\HunterXD\Library\PackageCache\com.unity.visualscripting@1.8.0\Editor\VisualScripting.Core\Dependencies\DotNetZip\Unity.VisualScripting.IonicZip.dll
Native extension for WindowsStandalone target not found
Refreshing native plugins compatible for Editor in 0.92 ms, found 4 plugins.
Preloading 0 native plugins for Editor in 0.00 ms.
Mono: successfully reloaded assembly
- Completed reload, in  3.986 seconds
Domain Reload Profiling:
	ReloadAssembly (3988ms)
		BeginReloadAssembly (413ms)
			ExecutionOrderSort (0ms)
			DisableScriptedObjects (26ms)
			BackupInstance (0ms)
			ReleaseScriptingObjects (0ms)
			CreateAndSetChildDomain (107ms)
		EndReloadAssembly (3369ms)
			LoadAssemblies (229ms)
			RebuildTransferFunctionScriptingTraits (0ms)
			SetupTypeCache (1333ms)
			ReleaseScriptCaches (3ms)
			RebuildScriptCaches (274ms)
			SetupLoadedEditorAssemblies (1417ms)
				LogAssemblyErrors (0ms)
				InitializePlatformSupportModulesInManaged (10ms)
				SetLoadedEditorAssemblies (1ms)
				RefreshPlugins (1ms)
				BeforeProcessingInitializeOnLoad (433ms)
				ProcessInitializeOnLoadAttributes (857ms)
				ProcessInitializeOnLoadMethodAttributes (98ms)
				AfterProcessingInitializeOnLoad (16ms)
				EditorAssembliesLoaded (0ms)
			ExecutionOrderSort2 (0ms)
			AwakeInstancesAfterBackupRestoration (16ms)
Platform modules already initialized, skipping
Refreshing native plugins compatible for Editor in 4.11 ms, found 4 plugins.
Preloading 0 native plugins for Editor in 0.00 ms.
Unloading 3817 Unused Serialized files (Serialized files now loaded: 0)
Unloading 22 unused Assets / (21.9 KB). Loaded Objects now: 4314.
Memory consumption went from 146.5 MB to 146.5 MB.
Total: 4.916100 ms (FindLiveObjects: 0.535200 ms CreateObjectMapping: 0.359800 ms MarkObjects: 3.979000 ms  DeleteObjects: 0.040500 ms)

AssetImportParameters requested are different than current active one (requested -> active):
  custom:video-decoder-ogg-theora: a1e56fd34408186e4bbccfd4996cb3dc -> 
  custom:container-muxer-webm: aa71ff27fc2769a1b78a27578f13a17b -> 
  custom:container-demuxer-webm: 4f35f7cbe854078d1ac9338744f61a02 -> 
  custom:video-encoder-webm-vp8: eb34c28f22e8b96e1ab97ce403110664 -> 
  custom:CustomObjectIndexerAttribute: bc11b3a6c3213fcdd17b65e7da85e133 -> 
  custom:audio-encoder-webm-vorbis: bf7c407c2cedff20999df2af8eb42d56 -> 
  custom:framework-win-MediaFoundation: 216162199b28c13a410421893ffa2e32 -> 
  custom:container-demuxer-ogg: 62fdf1f143b41e24485cea50d1cbac27 -> 
  custom:video-decoder-webm-vp8: 9c59270c3fd7afecdb556c50c9e8de78 -> 
  custom:audio-decoder-ogg-vorbis: bf7c407c2cedff20999df2af8eb42d56 -> 
========================================================================
Received Import Request.
  Time since last request: 1335.336913 seconds.
  path: Assets/JorgeFolder/Level_01.unity
  artifactKey: Guid(1457d1c12dd9eeb43b0fefecb05b6e5b) Importer(815301076,1909f56bfc062723c751e8b465ee728b)
Start importing Assets/JorgeFolder/Level_01.unity using Guid(1457d1c12dd9eeb43b0fefecb05b6e5b) Importer(815301076,1909f56bfc062723c751e8b465ee728b)  -> (artifact id: '21cc848dc7f0299c874e25cf982a056d') in 0.027488 seconds 
========================================================================
Received Prepare
Registering precompiled user dll's ...
Registered in 0.010849 seconds.
Begin MonoManager ReloadAssembly
Symbol file LoadedFromMemory doesn't match image C:\Users\Maria Eguenia  Rodri\Desktop\Progra-Sistemas\Progra-Sistemas\HunterXD\Library\PackageCache\com.unity.visualscripting@1.8.0\Editor\VisualScripting.Core\Dependencies\YamlDotNet\Unity.VisualScripting.YamlDotNet.dll
Symbol file LoadedFromMemory doesn't match image C:\Users\Maria Eguenia  Rodri\Desktop\Progra-Sistemas\Progra-Sistemas\HunterXD\Library\PackageCache\com.unity.visualscripting@1.8.0\Editor\VisualScripting.Core\Dependencies\DotNetZip\Unity.VisualScripting.IonicZip.dll
Native extension for WindowsStandalone target not found
Refreshing native plugins compatible for Editor in 1.98 ms, found 4 plugins.
Preloading 0 native plugins for Editor in 0.00 ms.
Mono: successfully reloaded assembly
- Completed reload, in  1.843 seconds
Domain Reload Profiling:
	ReloadAssembly (1844ms)
		BeginReloadAssembly (249ms)
			ExecutionOrderSort (0ms)
			DisableScriptedObjects (14ms)
			BackupInstance (0ms)
			ReleaseScriptingObjects (0ms)
			CreateAndSetChildDomain (59ms)
		EndReloadAssembly (1405ms)
			LoadAssemblies (173ms)
			RebuildTransferFunctionScriptingTraits (0ms)
			SetupTypeCache (484ms)
			ReleaseScriptCaches (2ms)
			RebuildScriptCaches (105ms)
			SetupLoadedEditorAssemblies (587ms)
				LogAssemblyErrors (0ms)
				InitializePlatformSupportModulesInManaged (11ms)
				SetLoadedEditorAssemblies (1ms)
				RefreshPlugins (2ms)
				BeforeProcessingInitializeOnLoad (140ms)
				ProcessInitializeOnLoadAttributes (324ms)
				ProcessInitializeOnLoadMethodAttributes (95ms)
				AfterProcessingInitializeOnLoad (13ms)
				EditorAssembliesLoaded (0ms)
			ExecutionOrderSort2 (0ms)
			AwakeInstancesAfterBackupRestoration (12ms)
Platform modules already initialized, skipping
Refreshing native plugins compatible for Editor in 3.18 ms, found 4 plugins.
Preloading 0 native plugins for Editor in 0.00 ms.
Unloading 3817 Unused Serialized files (Serialized files now loaded: 0)
Unloading 22 unused Assets / (22.0 KB). Loaded Objects now: 4317.
Memory consumption went from 146.5 MB to 146.5 MB.
Total: 3.481200 ms (FindLiveObjects: 0.352800 ms CreateObjectMapping: 0.246600 ms MarkObjects: 2.852500 ms  DeleteObjects: 0.028300 ms)

AssetImportParameters requested are different than current active one (requested -> active):
  custom:video-decoder-ogg-theora: a1e56fd34408186e4bbccfd4996cb3dc -> 
  custom:container-muxer-webm: aa71ff27fc2769a1b78a27578f13a17b -> 
  custom:container-demuxer-webm: 4f35f7cbe854078d1ac9338744f61a02 -> 
  custom:video-encoder-webm-vp8: eb34c28f22e8b96e1ab97ce403110664 -> 
  custom:CustomObjectIndexerAttribute: bc11b3a6c3213fcdd17b65e7da85e133 -> 
  custom:audio-encoder-webm-vorbis: bf7c407c2cedff20999df2af8eb42d56 -> 
  custom:framework-win-MediaFoundation: 216162199b28c13a410421893ffa2e32 -> 
  custom:container-demuxer-ogg: 62fdf1f143b41e24485cea50d1cbac27 -> 
  custom:video-decoder-webm-vp8: 9c59270c3fd7afecdb556c50c9e8de78 -> 
  custom:audio-decoder-ogg-vorbis: bf7c407c2cedff20999df2af8eb42d56 -> 
========================================================================
Received Import Request.
  Time since last request: 81.110807 seconds.
  path: Assets/Scenes/MainMenu.unity
  artifactKey: Guid(2cda990e2423bbf4892e6590ba056729) Importer(815301076,1909f56bfc062723c751e8b465ee728b)
Start importing Assets/Scenes/MainMenu.unity using Guid(2cda990e2423bbf4892e6590ba056729) Importer(815301076,1909f56bfc062723c751e8b465ee728b)  -> (artifact id: 'fd120ee41dc3dee90cc6952fc3f501e0') in 0.023962 seconds 
========================================================================
Received Import Request.
  Time since last request: 6.129264 seconds.
  path: Assets/Scenes/Level-1.unity
  artifactKey: Guid(b28fae1e30db73c4f9cfe39da1c3fb67) Importer(815301076,1909f56bfc062723c751e8b465ee728b)
Start importing Assets/Scenes/Level-1.unity using Guid(b28fae1e30db73c4f9cfe39da1c3fb67) Importer(815301076,1909f56bfc062723c751e8b465ee728b)  -> (artifact id: 'c96900177cad047231db04aeec7b0800') in 0.021716 seconds 
========================================================================
Received Import Request.
  Time since last request: 2.464122 seconds.
  path: Assets/JorgeFolder/Level_01.unity
  artifactKey: Guid(1457d1c12dd9eeb43b0fefecb05b6e5b) Importer(815301076,1909f56bfc062723c751e8b465ee728b)
Start importing Assets/JorgeFolder/Level_01.unity using Guid(1457d1c12dd9eeb43b0fefecb05b6e5b) Importer(815301076,1909f56bfc062723c751e8b465ee728b)  -> (artifact id: '283ad619df6807ecdf6e1cf718f49f88') in 0.013409 seconds 
========================================================================
Received Prepare
Registering precompiled user dll's ...
Registered in 0.010148 seconds.
Begin MonoManager ReloadAssembly
Symbol file LoadedFromMemory doesn't match image C:\Users\Maria Eguenia  Rodri\Desktop\Progra-Sistemas\Progra-Sistemas\HunterXD\Library\PackageCache\com.unity.visualscripting@1.8.0\Editor\VisualScripting.Core\Dependencies\YamlDotNet\Unity.VisualScripting.YamlDotNet.dll
Symbol file LoadedFromMemory doesn't match image C:\Users\Maria Eguenia  Rodri\Desktop\Progra-Sistemas\Progra-Sistemas\HunterXD\Library\PackageCache\com.unity.visualscripting@1.8.0\Editor\VisualScripting.Core\Dependencies\DotNetZip\Unity.VisualScripting.IonicZip.dll
Native extension for WindowsStandalone target not found
Refreshing native plugins compatible for Editor in 1.47 ms, found 4 plugins.
Preloading 0 native plugins for Editor in 0.00 ms.
Mono: successfully reloaded assembly
- Completed reload, in  2.957 seconds
Domain Reload Profiling:
	ReloadAssembly (2959ms)
		BeginReloadAssembly (238ms)
			ExecutionOrderSort (0ms)
			DisableScriptedObjects (15ms)
			BackupInstance (0ms)
			ReleaseScriptingObjects (0ms)
			CreateAndSetChildDomain (48ms)
		EndReloadAssembly (2500ms)
			LoadAssemblies (175ms)
			RebuildTransferFunctionScriptingTraits (0ms)
			SetupTypeCache (463ms)
			ReleaseScriptCaches (1ms)
			RebuildScriptCaches (104ms)
			SetupLoadedEditorAssemblies (1484ms)
				LogAssemblyErrors (0ms)
				InitializePlatformSupportModulesInManaged (27ms)
				SetLoadedEditorAssemblies (7ms)
				RefreshPlugins (2ms)
				BeforeProcessingInitializeOnLoad (266ms)
				ProcessInitializeOnLoadAttributes (859ms)
				ProcessInitializeOnLoadMethodAttributes (300ms)
				AfterProcessingInitializeOnLoad (23ms)
				EditorAssembliesLoaded (0ms)
			ExecutionOrderSort2 (0ms)
			AwakeInstancesAfterBackupRestoration (92ms)
Platform modules already initialized, skipping
Refreshing native plugins compatible for Editor in 2.70 ms, found 4 plugins.
Preloading 0 native plugins for Editor in 0.00 ms.
Unloading 3817 Unused Serialized files (Serialized files now loaded: 0)
Unloading 22 unused Assets / (21.9 KB). Loaded Objects now: 4320.
Memory consumption went from 146.5 MB to 146.5 MB.
Total: 3.820400 ms (FindLiveObjects: 0.386100 ms CreateObjectMapping: 0.319600 ms MarkObjects: 3.082400 ms  DeleteObjects: 0.031100 ms)

AssetImportParameters requested are different than current active one (requested -> active):
  custom:video-decoder-ogg-theora: a1e56fd34408186e4bbccfd4996cb3dc -> 
  custom:container-muxer-webm: aa71ff27fc2769a1b78a27578f13a17b -> 
  custom:container-demuxer-webm: 4f35f7cbe854078d1ac9338744f61a02 -> 
  custom:video-encoder-webm-vp8: eb34c28f22e8b96e1ab97ce403110664 -> 
  custom:CustomObjectIndexerAttribute: bc11b3a6c3213fcdd17b65e7da85e133 -> 
  custom:audio-encoder-webm-vorbis: bf7c407c2cedff20999df2af8eb42d56 -> 
  custom:framework-win-MediaFoundation: 216162199b28c13a410421893ffa2e32 -> 
  custom:container-demuxer-ogg: 62fdf1f143b41e24485cea50d1cbac27 -> 
  custom:video-decoder-webm-vp8: 9c59270c3fd7afecdb556c50c9e8de78 -> 
  custom:audio-decoder-ogg-vorbis: bf7c407c2cedff20999df2af8eb42d56 -> 
========================================================================
Received Import Request.
  Time since last request: 84.718524 seconds.
  path: Assets/Scenes/MainMenu.unity
  artifactKey: Guid(2cda990e2423bbf4892e6590ba056729) Importer(815301076,1909f56bfc062723c751e8b465ee728b)
Start importing Assets/Scenes/MainMenu.unity using Guid(2cda990e2423bbf4892e6590ba056729) Importer(815301076,1909f56bfc062723c751e8b465ee728b)  -> (artifact id: 'e742923be5aaec6a6f13b831c539d655') in 0.012229 seconds 
========================================================================
Received Import Request.
  Time since last request: 57.766116 seconds.
  path: Assets/Resources/Images/OldProject/43-435339_fire-ball-vector-bola-de-fuego-png.png
  artifactKey: Guid(20ada80a269a5564bb407614470ed952) Importer(815301076,1909f56bfc062723c751e8b465ee728b)
Start importing Assets/Resources/Images/OldProject/43-435339_fire-ball-vector-bola-de-fuego-png.png using Guid(20ada80a269a5564bb407614470ed952) Importer(815301076,1909f56bfc062723c751e8b465ee728b)  -> (artifact id: 'a6902a44cec3c38bd13a68bf61d7e7ce') in 0.565407 seconds 
========================================================================
Received Import Request.
  Time since last request: 0.000072 seconds.
  path: Assets/Resources/ExternalAssets/Sunny Land Forest Assets/Artwork/Environment/background.png
  artifactKey: Guid(0ec7f03d689614a43ae2aeba2db954c0) Importer(815301076,1909f56bfc062723c751e8b465ee728b)
Start importing Assets/Resources/ExternalAssets/Sunny Land Forest Assets/Artwork/Environment/background.png using Guid(0ec7f03d689614a43ae2aeba2db954c0) Importer(815301076,1909f56bfc062723c751e8b465ee728b)  -> (artifact id: '2d645a352da518cc80b103aaa73dc766') in 0.068023 seconds 
========================================================================
Received Import Request.
  Time since last request: 0.000073 seconds.
  path: Assets/Resources/Images/OldProject/Ataque basico.png
  artifactKey: Guid(b5d097b46ba5d47488ba82ee44525ea3) Importer(815301076,1909f56bfc062723c751e8b465ee728b)
Start importing Assets/Resources/Images/OldProject/Ataque basico.png using Guid(b5d097b46ba5d47488ba82ee44525ea3) Importer(815301076,1909f56bfc062723c751e8b465ee728b)  -> (artifact id: '416e05bacd54be768a19440ceb146261') in 0.102054 seconds 
========================================================================
Received Import Request.
  Time since last request: 0.000031 seconds.
  path: Assets/Resources/Images/OldProject/Arrow.png
  artifactKey: Guid(e6347e472372f744cabdda1603ac4ac7) Importer(815301076,1909f56bfc062723c751e8b465ee728b)
Start importing Assets/Resources/Images/OldProject/Arrow.png using Guid(e6347e472372f744cabdda1603ac4ac7) Importer(815301076,1909f56bfc062723c751e8b465ee728b)  -> (artifact id: 'c910e6bdd831c86a056a716854906280') in 0.072424 seconds 
========================================================================
Received Import Request.
  Time since last request: 0.000045 seconds.
  path: Assets/Resources/Images/OldProject/Background_Cave.png
  artifactKey: Guid(b4eaf4b54f0b329449359a9e91f3363b) Importer(815301076,1909f56bfc062723c751e8b465ee728b)
Start importing Assets/Resources/Images/OldProject/Background_Cave.png using Guid(b4eaf4b54f0b329449359a9e91f3363b) Importer(815301076,1909f56bfc062723c751e8b465ee728b)  -> (artifact id: '251d3ff92df9392c5ef865359d5645d4') in 0.151149 seconds 
========================================================================
Received Import Request.
  Time since last request: 0.000044 seconds.
  path: Assets/Resources/Images/OldProject/129-1297709_bolas-de-fuego-png-clipart-freeuse-library-fire.png
  artifactKey: Guid(384adfea100b0ea4c824d154db15209c) Importer(815301076,1909f56bfc062723c751e8b465ee728b)
Start importing Assets/Resources/Images/OldProject/129-1297709_bolas-de-fuego-png-clipart-freeuse-library-fire.png using Guid(384adfea100b0ea4c824d154db15209c) Importer(815301076,1909f56bfc062723c751e8b465ee728b)  -> (artifact id: '5c38e0d968c4b7072d78dfa894168500') in 0.105765 seconds 
========================================================================
Received Import Request.
  Time since last request: 0.000121 seconds.
  path: Assets/Resources/ExternalAssets/Sunny Land Forest Assets/Artwork/Sprites/enemies/bee/bee-1.png
  artifactKey: Guid(b44ad350aab99416da042ed03d420869) Importer(815301076,1909f56bfc062723c751e8b465ee728b)
Start importing Assets/Resources/ExternalAssets/Sunny Land Forest Assets/Artwork/Sprites/enemies/bee/bee-1.png using Guid(b44ad350aab99416da042ed03d420869) Importer(815301076,1909f56bfc062723c751e8b465ee728b)  -> (artifact id: '7492a3dbb21ed586644a970dd9e04cd9') in 0.077397 seconds 
========================================================================
Received Import Request.
  Time since last request: 0.739548 seconds.
  path: Assets/Resources/ExternalAssets/Sunny Land Forest Assets/Artwork/Sprites/enemies/bee/bee-2.png
  artifactKey: Guid(48f7d4838cc984b75937d90760cd6762) Importer(815301076,1909f56bfc062723c751e8b465ee728b)
Start importing Assets/Resources/ExternalAssets/Sunny Land Forest Assets/Artwork/Sprites/enemies/bee/bee-2.png using Guid(48f7d4838cc984b75937d90760cd6762) Importer(815301076,1909f56bfc062723c751e8b465ee728b)  -> (artifact id: 'e67d7f73eab641347f4952bf7e904719') in 0.069227 seconds 
========================================================================
Received Import Request.
  Time since last request: 0.000022 seconds.
  path: Assets/Resources/ExternalAssets/Sunny Land Forest Assets/Artwork/Sprites/enemies/bee/bee-7.png
  artifactKey: Guid(8e77a04c63c29476dac773c8e4af4c46) Importer(815301076,1909f56bfc062723c751e8b465ee728b)
Start importing Assets/Resources/ExternalAssets/Sunny Land Forest Assets/Artwork/Sprites/enemies/bee/bee-7.png using Guid(8e77a04c63c29476dac773c8e4af4c46) Importer(815301076,1909f56bfc062723c751e8b465ee728b)  -> (artifact id: 'f1dd7f95e89488eae09c595205f4a140') in 0.078310 seconds 
========================================================================
Received Import Request.
  Time since last request: 0.000037 seconds.
  path: Assets/Resources/ExternalAssets/Sunny Land Forest Assets/Artwork/Sprites/enemies/bee/bee-5.png
  artifactKey: Guid(28b10e96f632c42ac8e50d8bfa481408) Importer(815301076,1909f56bfc062723c751e8b465ee728b)
Start importing Assets/Resources/ExternalAssets/Sunny Land Forest Assets/Artwork/Sprites/enemies/bee/bee-5.png using Guid(28b10e96f632c42ac8e50d8bfa481408) Importer(815301076,1909f56bfc062723c751e8b465ee728b)  -> (artifact id: '491e78c0b1522e292a4094521715c67c') in 0.082694 seconds 
========================================================================
Received Import Request.
  Time since last request: 0.000033 seconds.
  path: Assets/Resources/ExternalAssets/Sunny Land Forest Assets/Artwork/Sprites/enemies/bee/bee-4.png
  artifactKey: Guid(a56580789acf348ed9fab74803ac808a) Importer(815301076,1909f56bfc062723c751e8b465ee728b)
Start importing Assets/Resources/ExternalAssets/Sunny Land Forest Assets/Artwork/Sprites/enemies/bee/bee-4.png using Guid(a56580789acf348ed9fab74803ac808a) Importer(815301076,1909f56bfc062723c751e8b465ee728b)  -> (artifact id: 'db71aeed945ba1b77a9caa60541594ae') in 0.089051 seconds 
========================================================================
Received Import Request.
  Time since last request: 0.000026 seconds.
  path: Assets/Resources/ExternalAssets/Sunny Land Forest Assets/Artwork/Sprites/enemies/bee/bee-3.png
  artifactKey: Guid(9ea51be9f59364c69a4655d2b329cc78) Importer(815301076,1909f56bfc062723c751e8b465ee728b)
Start importing Assets/Resources/ExternalAssets/Sunny Land Forest Assets/Artwork/Sprites/enemies/bee/bee-3.png using Guid(9ea51be9f59364c69a4655d2b329cc78) Importer(815301076,1909f56bfc062723c751e8b465ee728b)  -> (artifact id: '6b01fda44f7edc7a1ddb35772d8be7f0') in 0.053632 seconds 
========================================================================
Received Import Request.
  Time since last request: 0.000028 seconds.
  path: Assets/Resources/ExternalAssets/Sunny Land Forest Assets/Artwork/Sprites/misc/carrot/carrot-2.png
  artifactKey: Guid(fff8d782ab2594fddba3dc9bc8c2db01) Importer(815301076,1909f56bfc062723c751e8b465ee728b)
Start importing Assets/Resources/ExternalAssets/Sunny Land Forest Assets/Artwork/Sprites/misc/carrot/carrot-2.png using Guid(fff8d782ab2594fddba3dc9bc8c2db01) Importer(815301076,1909f56bfc062723c751e8b465ee728b)  -> (artifact id: 'd46a550f3973c1c85aebbc4b5580b95e') in 0.063086 seconds 
========================================================================
Received Import Request.
  Time since last request: 0.000068 seconds.
  path: Assets/Resources/ExternalAssets/Sunny Land Forest Assets/Artwork/Sprites/misc/carrot/carrot-4.png
  artifactKey: Guid(64f86a54aedf140e9b24babbac319617) Importer(815301076,1909f56bfc062723c751e8b465ee728b)
Start importing Assets/Resources/ExternalAssets/Sunny Land Forest Assets/Artwork/Sprites/misc/carrot/carrot-4.png using Guid(64f86a54aedf140e9b24babbac319617) Importer(815301076,1909f56bfc062723c751e8b465ee728b)  -> (artifact id: 'bfa17695adb9b4b8c9070a57268a21cc') in 0.150615 seconds 
========================================================================
Received Import Request.
  Time since last request: 0.000071 seconds.
  path: Assets/Resources/ExternalAssets/Sunny Land Forest Assets/Artwork/Sprites/misc/enemy-death/enemy-death-2.png
  artifactKey: Guid(230c16100a2dd4699b38ac45494e40f0) Importer(815301076,1909f56bfc062723c751e8b465ee728b)
Start importing Assets/Resources/ExternalAssets/Sunny Land Forest Assets/Artwork/Sprites/misc/enemy-death/enemy-death-2.png using Guid(230c16100a2dd4699b38ac45494e40f0) Importer(815301076,1909f56bfc062723c751e8b465ee728b)  -> (artifact id: '7f99c2024c6085e6152210fe32576080') in 0.054974 seconds 
========================================================================
Received Import Request.
  Time since last request: 0.000062 seconds.
  path: Assets/Resources/ExternalAssets/Sunny Land Forest Assets/Artwork/Sprites/misc/carrot/carrot-3.png
  artifactKey: Guid(2b341c7940b2d4c02890dbbfe8c9e950) Importer(815301076,1909f56bfc062723c751e8b465ee728b)
Start importing Assets/Resources/ExternalAssets/Sunny Land Forest Assets/Artwork/Sprites/misc/carrot/carrot-3.png using Guid(2b341c7940b2d4c02890dbbfe8c9e950) Importer(815301076,1909f56bfc062723c751e8b465ee728b)  -> (artifact id: '9ea5fe49f6e6dc4694236657701b7e79') in 0.095117 seconds 
========================================================================
Received Import Request.
  Time since last request: 0.000074 seconds.
  path: Assets/Resources/Images/OldProject/EnemigoComun.png
  artifactKey: Guid(58935edf0e5566e49af11b21714a0ad4) Importer(815301076,1909f56bfc062723c751e8b465ee728b)
Start importing Assets/Resources/Images/OldProject/EnemigoComun.png using Guid(58935edf0e5566e49af11b21714a0ad4) Importer(815301076,1909f56bfc062723c751e8b465ee728b)  -> (artifact id: '830e3ef5555b860f04c52f4f4841a653') in 0.125645 seconds 
========================================================================
Received Import Request.
  Time since last request: 0.000035 seconds.
  path: Assets/Resources/Images/OldProject/explosion-sprite-png-2d-explosion-sprite-sheet-11562854314o0roesx5bb.png
  artifactKey: Guid(d876ca939e86791479693055e0383632) Importer(815301076,1909f56bfc062723c751e8b465ee728b)
Start importing Assets/Resources/Images/OldProject/explosion-sprite-png-2d-explosion-sprite-sheet-11562854314o0roesx5bb.png using Guid(d876ca939e86791479693055e0383632) Importer(815301076,1909f56bfc062723c751e8b465ee728b)  -> (artifact id: 'd5f3d689519c4c1f2795534225748094') in 0.100737 seconds 
========================================================================
Received Import Request.
  Time since last request: 0.000046 seconds.
  path: Assets/Resources/ExternalAssets/Sunny Land Forest Assets/Artwork/Sprites/misc/enemy-death/enemy-death-5.png
  artifactKey: Guid(750af71cd7cb043608f1c052510f52d8) Importer(815301076,1909f56bfc062723c751e8b465ee728b)
Start importing Assets/Resources/ExternalAssets/Sunny Land Forest Assets/Artwork/Sprites/misc/enemy-death/enemy-death-5.png using Guid(750af71cd7cb043608f1c052510f52d8) Importer(815301076,1909f56bfc062723c751e8b465ee728b)  -> (artifact id: '0245204c77078f1c48d5f5500a827a04') in 0.058166 seconds 
========================================================================
Received Import Request.
  Time since last request: 0.000086 seconds.
  path: Assets/Resources/ExternalAssets/SpritesArchers/Archer1/FantasyArcher_01_Attack1_0217.png
  artifactKey: Guid(f6fe8cc9ccabc044f9005bf91c0eb410) Importer(815301076,1909f56bfc062723c751e8b465ee728b)
Start importing Assets/Resources/ExternalAssets/SpritesArchers/Archer1/FantasyArcher_01_Attack1_0217.png using Guid(f6fe8cc9ccabc044f9005bf91c0eb410) Importer(815301076,1909f56bfc062723c751e8b465ee728b)  -> (artifact id: '156c1556725994f1bbe22f8d2b55dabb') in 0.086829 seconds 
========================================================================
Received Import Request.
  Time since last request: 0.001598 seconds.
  path: Assets/Resources/ExternalAssets/Sunny Land Forest Assets/Artwork/Environment/environment-preview.png
  artifactKey: Guid(a19e9edb7c8f94be391773f155002823) Importer(815301076,1909f56bfc062723c751e8b465ee728b)
Start importing Assets/Resources/ExternalAssets/Sunny Land Forest Assets/Artwork/Environment/environment-preview.png using Guid(a19e9edb7c8f94be391773f155002823) Importer(815301076,1909f56bfc062723c751e8b465ee728b)  -> (artifact id: '3aade2711710e475ba791319c7c770bd') in 0.356660 seconds 
========================================================================
Received Import Request.
  Time since last request: 0.000051 seconds.
  path: Assets/Resources/ExternalAssets/SpritesArchers/Archer1/FantasyArcher_01_Attack1_0212.png
  artifactKey: Guid(7a1f95aa57e01ed4fa7c61d140ae9bd6) Importer(815301076,1909f56bfc062723c751e8b465ee728b)
Start importing Assets/Resources/ExternalAssets/SpritesArchers/Archer1/FantasyArcher_01_Attack1_0212.png using Guid(7a1f95aa57e01ed4fa7c61d140ae9bd6) Importer(815301076,1909f56bfc062723c751e8b465ee728b)  -> (artifact id: '895460a82101356967bf2c46ca00e114') in 0.089265 seconds 
========================================================================
Received Import Request.
  Time since last request: 0.000049 seconds.
  path: Assets/Resources/ExternalAssets/SpritesArchers/Archer1/FantasyArcher_01_Attack1_0216.png
  artifactKey: Guid(d4ad7ee047b0f1345835b3bebcea86fd) Importer(815301076,1909f56bfc062723c751e8b465ee728b)
Start importing Assets/Resources/ExternalAssets/SpritesArchers/Archer1/FantasyArcher_01_Attack1_0216.png using Guid(d4ad7ee047b0f1345835b3bebcea86fd) Importer(815301076,1909f56bfc062723c751e8b465ee728b)  -> (artifact id: '5e15296d10d84ee2476d11ec5f9aba5c') in 0.108982 seconds 
========================================================================
Received Import Request.
  Time since last request: 0.000035 seconds.
  path: Assets/Resources/ExternalAssets/SpritesArchers/Archer1/FantasyArcher_01_Attack1_0211.png
  artifactKey: Guid(79368f661e432ca4a9df7940930ac54e) Importer(815301076,1909f56bfc062723c751e8b465ee728b)
Start importing Assets/Resources/ExternalAssets/SpritesArchers/Archer1/FantasyArcher_01_Attack1_0211.png using Guid(79368f661e432ca4a9df7940930ac54e) Importer(815301076,1909f56bfc062723c751e8b465ee728b)  -> (artifact id: '13a2a4d34d180569e280d05979497b5f') in 0.463489 seconds 
========================================================================
Received Import Request.
  Time since last request: 0.000051 seconds.
  path: Assets/Resources/ExternalAssets/Sunny Land Forest Assets/Artwork/Sprites/misc/enemy-death/enemy-death-3.png
  artifactKey: Guid(8c754f1f2bdc943c19af65e5cb79543b) Importer(815301076,1909f56bfc062723c751e8b465ee728b)
Start importing Assets/Resources/ExternalAssets/Sunny Land Forest Assets/Artwork/Sprites/misc/enemy-death/enemy-death-3.png using Guid(8c754f1f2bdc943c19af65e5cb79543b) Importer(815301076,1909f56bfc062723c751e8b465ee728b)  -> (artifact id: 'a329ddaa9f9200e2c7fffa356279d98e') in 0.088595 seconds 
========================================================================
Received Import Request.
  Time since last request: 0.000064 seconds.
  path: Assets/Resources/ExternalAssets/SpritesArchers/Archer1/FantasyArcher_01_Attack1_0213.png
  artifactKey: Guid(5685d44b950e2f74db9a2c5dc52983b6) Importer(815301076,1909f56bfc062723c751e8b465ee728b)
Start importing Assets/Resources/ExternalAssets/SpritesArchers/Archer1/FantasyArcher_01_Attack1_0213.png using Guid(5685d44b950e2f74db9a2c5dc52983b6) Importer(815301076,1909f56bfc062723c751e8b465ee728b)  -> (artifact id: '60598b8ae412075c104713bf91ba003f') in 0.076628 seconds 
========================================================================
Received Import Request.
  Time since last request: 0.000035 seconds.
  path: Assets/Resources/Images/OldProject/defeatScreen.png
  artifactKey: Guid(9a3e06f6e58b333498a7c02f15e7621c) Importer(815301076,1909f56bfc062723c751e8b465ee728b)
Start importing Assets/Resources/Images/OldProject/defeatScreen.png using Guid(9a3e06f6e58b333498a7c02f15e7621c) Importer(815301076,1909f56bfc062723c751e8b465ee728b)  -> (artifact id: '9d4a7040ace46a77fc60d93212b2c44e') in 0.135268 seconds 
========================================================================
Received Import Request.
  Time since last request: 0.000665 seconds.
  path: Assets/Resources/ExternalAssets/SpritesArchers/Archer1/FantasyArcher_01_Attack1_0215.png
  artifactKey: Guid(9b32e5a62ba085547a73d7c92e3f650e) Importer(815301076,1909f56bfc062723c751e8b465ee728b)
Start importing Assets/Resources/ExternalAssets/SpritesArchers/Archer1/FantasyArcher_01_Attack1_0215.png using Guid(9b32e5a62ba085547a73d7c92e3f650e) Importer(815301076,1909f56bfc062723c751e8b465ee728b)  -> (artifact id: 'c6aa7295c52232864833fbbd810a720f') in 0.077284 seconds 
========================================================================
Received Import Request.
  Time since last request: 0.000032 seconds.
  path: Assets/Resources/ExternalAssets/Sunny Land Forest Assets/Artwork/Sprites/misc/enemy-death/enemy-death-4.png
  artifactKey: Guid(574c662a4ce9c4320be1611ddbc2ed35) Importer(815301076,1909f56bfc062723c751e8b465ee728b)
Start importing Assets/Resources/ExternalAssets/Sunny Land Forest Assets/Artwork/Sprites/misc/enemy-death/enemy-death-4.png using Guid(574c662a4ce9c4320be1611ddbc2ed35) Importer(815301076,1909f56bfc062723c751e8b465ee728b)  -> (artifact id: '0eb93370e0259ccfaf2ad7c92d859a72') in 0.055881 seconds 
========================================================================
Received Import Request.
  Time since last request: 0.000030 seconds.
  path: Assets/Resources/ExternalAssets/SpritesArchers/Archer1/FantasyArcher_01_Attack1_0214.png
  artifactKey: Guid(9edc5b4d2d1aee74498c7bbd83c4ddb0) Importer(815301076,1909f56bfc062723c751e8b465ee728b)
Start importing Assets/Resources/ExternalAssets/SpritesArchers/Archer1/FantasyArcher_01_Attack1_0214.png using Guid(9edc5b4d2d1aee74498c7bbd83c4ddb0) Importer(815301076,1909f56bfc062723c751e8b465ee728b)  -> (artifact id: '90e495c09934c60f8a125d52989866d8') in 0.254089 seconds 
========================================================================
Received Import Request.
  Time since last request: 0.000180 seconds.
  path: Assets/Resources/ExternalAssets/Sunny Land Forest Assets/Artwork/Sprites/enemies/bee/bee-6.png
  artifactKey: Guid(32a52018efe8d4da0b321b889a993eee) Importer(815301076,1909f56bfc062723c751e8b465ee728b)
Start importing Assets/Resources/ExternalAssets/Sunny Land Forest Assets/Artwork/Sprites/enemies/bee/bee-6.png using Guid(32a52018efe8d4da0b321b889a993eee) Importer(815301076,1909f56bfc062723c751e8b465ee728b)  -> (artifact id: '0a9464d50875f50cd5cebc571b8a6df6') in 0.146623 seconds 
========================================================================
Received Import Request.
  Time since last request: 0.000036 seconds.
  path: Assets/Resources/Images/OldProject/BossFinal.png
  artifactKey: Guid(67fdb3a4cd5165341bca0c4452d48bda) Importer(815301076,1909f56bfc062723c751e8b465ee728b)
Start importing Assets/Resources/Images/OldProject/BossFinal.png using Guid(67fdb3a4cd5165341bca0c4452d48bda) Importer(815301076,1909f56bfc062723c751e8b465ee728b)  -> (artifact id: 'fd4d13431c715dc231c3aa1223a2fcdc') in 0.164732 seconds 
========================================================================
Received Import Request.
  Time since last request: 0.000024 seconds.
  path: Assets/Resources/Images/OldProject/Bomb.png
  artifactKey: Guid(e6853880aab0e924c990473a1bfcc678) Importer(815301076,1909f56bfc062723c751e8b465ee728b)
Start importing Assets/Resources/Images/OldProject/Bomb.png using Guid(e6853880aab0e924c990473a1bfcc678) Importer(815301076,1909f56bfc062723c751e8b465ee728b)  -> (artifact id: '5f2ec99f5f4181a15bb45115774eb6b4') in 0.081381 seconds 
========================================================================
Received Import Request.
  Time since last request: 0.000035 seconds.
  path: Assets/Resources/ExternalAssets/Sunny Land Forest Assets/Artwork/Sprites/misc/chest/chest-1.png
  artifactKey: Guid(14a999e6bc2c34f368b03649dead9d94) Importer(815301076,1909f56bfc062723c751e8b465ee728b)
Start importing Assets/Resources/ExternalAssets/Sunny Land Forest Assets/Artwork/Sprites/misc/chest/chest-1.png using Guid(14a999e6bc2c34f368b03649dead9d94) Importer(815301076,1909f56bfc062723c751e8b465ee728b)  -> (artifact id: '0608ec36c36eb379e8d39f023bbfa16c') in 0.091185 seconds 
========================================================================
Received Import Request.
  Time since last request: 0.000038 seconds.
  path: Assets/Resources/ExternalAssets/Sunny Land Forest Assets/Artwork/Sprites/misc/carrot/carrot-1.png
  artifactKey: Guid(a3917d9ddd18744a69be8a1b1a3eaa88) Importer(815301076,1909f56bfc062723c751e8b465ee728b)
Start importing Assets/Resources/ExternalAssets/Sunny Land Forest Assets/Artwork/Sprites/misc/carrot/carrot-1.png using Guid(a3917d9ddd18744a69be8a1b1a3eaa88) Importer(815301076,1909f56bfc062723c751e8b465ee728b)  -> (artifact id: 'd906a1eac924e0d8dbb8383c423fdfe0') in 0.047929 seconds 
========================================================================
Received Import Request.
  Time since last request: 0.000027 seconds.
  path: Assets/Resources/ExternalAssets/Sunny Land Forest Assets/Artwork/Sprites/enemies/bee/bee-8.png
  artifactKey: Guid(e8a306ff172224d878af749a5e63deee) Importer(815301076,1909f56bfc062723c751e8b465ee728b)
Start importing Assets/Resources/ExternalAssets/Sunny Land Forest Assets/Artwork/Sprites/enemies/bee/bee-8.png using Guid(e8a306ff172224d878af749a5e63deee) Importer(815301076,1909f56bfc062723c751e8b465ee728b)  -> (artifact id: '1da718fe646d3e88e327a563f62670d2') in 0.072663 seconds 
========================================================================
Received Import Request.
  Time since last request: 0.000045 seconds.
  path: Assets/Resources/Images/OldProject/Castle_Wall.png
  artifactKey: Guid(0f1a0f094c952be44873f6d68b69523b) Importer(815301076,1909f56bfc062723c751e8b465ee728b)
Start importing Assets/Resources/Images/OldProject/Castle_Wall.png using Guid(0f1a0f094c952be44873f6d68b69523b) Importer(815301076,1909f56bfc062723c751e8b465ee728b)  -> (artifact id: 'a8f60e13ebbbe7caba33fc518804254d') in 0.062856 seconds 
========================================================================
Received Import Request.
  Time since last request: 0.000042 seconds.
  path: Assets/Resources/ExternalAssets/SpritesArchers/Archer1/FantasyArcher_01_Attack1_0210.png
  artifactKey: Guid(c3e0ace040b8b174d9a9509762d1453a) Importer(815301076,1909f56bfc062723c751e8b465ee728b)
Start importing Assets/Resources/ExternalAssets/SpritesArchers/Archer1/FantasyArcher_01_Attack1_0210.png using Guid(c3e0ace040b8b174d9a9509762d1453a) Importer(815301076,1909f56bfc062723c751e8b465ee728b)  -> (artifact id: 'b2951c8b31beee8a21c0e687d485c239') in 0.076316 seconds 
========================================================================
Received Import Request.
  Time since last request: 0.000030 seconds.
  path: Assets/Resources/ExternalAssets/SpritesArchers/Archer1/FantasyArcher_01_Attack1_0218.png
  artifactKey: Guid(b1c55dcde62deac43a5d6f9d96f8330f) Importer(815301076,1909f56bfc062723c751e8b465ee728b)
Start importing Assets/Resources/ExternalAssets/SpritesArchers/Archer1/FantasyArcher_01_Attack1_0218.png using Guid(b1c55dcde62deac43a5d6f9d96f8330f) Importer(815301076,1909f56bfc062723c751e8b465ee728b)  -> (artifact id: '1d1ef74ec22f119f295aa68e269f98dd') in 0.096279 seconds 
========================================================================
Received Import Request.
  Time since last request: 0.000096 seconds.
  path: Assets/Resources/ExternalAssets/Sunny Land Forest Assets/Artwork/Sprites/misc/enemy-death/enemy-death-1.png
  artifactKey: Guid(973c516a244e444e1a055d4bf495ccc2) Importer(815301076,1909f56bfc062723c751e8b465ee728b)
Start importing Assets/Resources/ExternalAssets/Sunny Land Forest Assets/Artwork/Sprites/misc/enemy-death/enemy-death-1.png using Guid(973c516a244e444e1a055d4bf495ccc2) Importer(815301076,1909f56bfc062723c751e8b465ee728b)  -> (artifact id: '178536d2b4985bccdcf13f7ffd2b3cec') in 0.062206 seconds 
========================================================================
Received Import Request.
  Time since last request: 0.000044 seconds.
  path: Assets/Resources/Images/OldProject/corazon.png
  artifactKey: Guid(cef1f872d0640f8499299c55ffcd0872) Importer(815301076,1909f56bfc062723c751e8b465ee728b)
Start importing Assets/Resources/Images/OldProject/corazon.png using Guid(cef1f872d0640f8499299c55ffcd0872) Importer(815301076,1909f56bfc062723c751e8b465ee728b)  -> (artifact id: 'e325471bd43463005ce301f7c305fa1a') in 0.112560 seconds 
========================================================================
Received Import Request.
  Time since last request: 0.000029 seconds.
  path: Assets/Resources/ExternalAssets/Sunny Land Forest Assets/Artwork/Sprites/misc/chest/chest-2.png
  artifactKey: Guid(1c94b4117c4854885beb4d2779c5a9d0) Importer(815301076,1909f56bfc062723c751e8b465ee728b)
Start importing Assets/Resources/ExternalAssets/Sunny Land Forest Assets/Artwork/Sprites/misc/chest/chest-2.png using Guid(1c94b4117c4854885beb4d2779c5a9d0) Importer(815301076,1909f56bfc062723c751e8b465ee728b)  -> (artifact id: 'a10c42e9ad96fa8a7b6fae5ec606b4f0') in 0.050594 seconds 
========================================================================
Received Import Request.
  Time since last request: 0.000040 seconds.
  path: Assets/Resources/ExternalAssets/Sunny Land Forest Assets/Artwork/Sprites/misc/enemy-death/enemy-death-6.png
  artifactKey: Guid(52edd99451a0a440a8638e8d1d9a565d) Importer(815301076,1909f56bfc062723c751e8b465ee728b)
Start importing Assets/Resources/ExternalAssets/Sunny Land Forest Assets/Artwork/Sprites/misc/enemy-death/enemy-death-6.png using Guid(52edd99451a0a440a8638e8d1d9a565d) Importer(815301076,1909f56bfc062723c751e8b465ee728b)  -> (artifact id: '29d5a0e779c6523eb2fc48f6543fc6d1') in 0.095477 seconds 
========================================================================
Received Import Request.
  Time since last request: 0.000041 seconds.
  path: Assets/Resources/Images/OldProject/Enemy00.png
  artifactKey: Guid(703f216c07e77494aba71df0a627ac4a) Importer(815301076,1909f56bfc062723c751e8b465ee728b)
Start importing Assets/Resources/Images/OldProject/Enemy00.png using Guid(703f216c07e77494aba71df0a627ac4a) Importer(815301076,1909f56bfc062723c751e8b465ee728b)  -> (artifact id: 'ec6e5b9504c92190112f9e858f55f05e') in 0.107849 seconds 
========================================================================
Received Prepare
Registering precompiled user dll's ...
Registered in 0.010613 seconds.
Begin MonoManager ReloadAssembly
Symbol file LoadedFromMemory doesn't match image C:\Users\Maria Eguenia  Rodri\Desktop\Progra-Sistemas\Progra-Sistemas\HunterXD\Library\PackageCache\com.unity.visualscripting@1.8.0\Editor\VisualScripting.Core\Dependencies\YamlDotNet\Unity.VisualScripting.YamlDotNet.dll
Symbol file LoadedFromMemory doesn't match image C:\Users\Maria Eguenia  Rodri\Desktop\Progra-Sistemas\Progra-Sistemas\HunterXD\Library\PackageCache\com.unity.visualscripting@1.8.0\Editor\VisualScripting.Core\Dependencies\DotNetZip\Unity.VisualScripting.IonicZip.dll
Native extension for WindowsStandalone target not found
Refreshing native plugins compatible for Editor in 3.96 ms, found 4 plugins.
Preloading 0 native plugins for Editor in 0.00 ms.
Mono: successfully reloaded assembly
- Completed reload, in  3.266 seconds
Domain Reload Profiling:
	ReloadAssembly (3275ms)
		BeginReloadAssembly (284ms)
			ExecutionOrderSort (0ms)
			DisableScriptedObjects (13ms)
			BackupInstance (0ms)
			ReleaseScriptingObjects (0ms)
			CreateAndSetChildDomain (64ms)
		EndReloadAssembly (2768ms)
			LoadAssemblies (228ms)
			RebuildTransferFunctionScriptingTraits (0ms)
			SetupTypeCache (398ms)
			ReleaseScriptCaches (3ms)
			RebuildScriptCaches (195ms)
			SetupLoadedEditorAssemblies (1544ms)
				LogAssemblyErrors (0ms)
				InitializePlatformSupportModulesInManaged (29ms)
				SetLoadedEditorAssemblies (4ms)
				RefreshPlugins (4ms)
				BeforeProcessingInitializeOnLoad (413ms)
				ProcessInitializeOnLoadAttributes (740ms)
				ProcessInitializeOnLoadMethodAttributes (311ms)
				AfterProcessingInitializeOnLoad (42ms)
				EditorAssembliesLoaded (0ms)
			ExecutionOrderSort2 (0ms)
			AwakeInstancesAfterBackupRestoration (49ms)
Platform modules already initialized, skipping
Refreshing native plugins compatible for Editor in 5.59 ms, found 4 plugins.
Preloading 0 native plugins for Editor in 0.00 ms.
Unloading 3817 Unused Serialized files (Serialized files now loaded: 0)
Unloading 22 unused Assets / (22.0 KB). Loaded Objects now: 4375.
Memory consumption went from 151.0 MB to 151.0 MB.
Total: 5.624300 ms (FindLiveObjects: 0.375500 ms CreateObjectMapping: 0.248000 ms MarkObjects: 4.960400 ms  DeleteObjects: 0.038900 ms)

AssetImportParameters requested are different than current active one (requested -> active):
  custom:video-decoder-ogg-theora: a1e56fd34408186e4bbccfd4996cb3dc -> 
  custom:container-muxer-webm: aa71ff27fc2769a1b78a27578f13a17b -> 
  custom:container-demuxer-webm: 4f35f7cbe854078d1ac9338744f61a02 -> 
  custom:video-encoder-webm-vp8: eb34c28f22e8b96e1ab97ce403110664 -> 
  custom:CustomObjectIndexerAttribute: bc11b3a6c3213fcdd17b65e7da85e133 -> 
  custom:audio-encoder-webm-vorbis: bf7c407c2cedff20999df2af8eb42d56 -> 
  custom:framework-win-MediaFoundation: 216162199b28c13a410421893ffa2e32 -> 
  custom:container-demuxer-ogg: 62fdf1f143b41e24485cea50d1cbac27 -> 
  custom:video-decoder-webm-vp8: 9c59270c3fd7afecdb556c50c9e8de78 -> 
  custom:audio-decoder-ogg-vorbis: bf7c407c2cedff20999df2af8eb42d56 -> 
========================================================================
Received Import Request.
  Time since last request: 297.921172 seconds.
  path: Assets/JorgeFolder/Level_01.unity
  artifactKey: Guid(1457d1c12dd9eeb43b0fefecb05b6e5b) Importer(815301076,1909f56bfc062723c751e8b465ee728b)
Start importing Assets/JorgeFolder/Level_01.unity using Guid(1457d1c12dd9eeb43b0fefecb05b6e5b) Importer(815301076,1909f56bfc062723c751e8b465ee728b)  -> (artifact id: '1cb842c513a339e6b3cc3a9e059a5e7d') in 0.021737 seconds 
========================================================================
Received Import Request.
  Time since last request: 74.371432 seconds.
  path: Assets/JorgeFolder/Level_01.unity
  artifactKey: Guid(1457d1c12dd9eeb43b0fefecb05b6e5b) Importer(815301076,1909f56bfc062723c751e8b465ee728b)
Start importing Assets/JorgeFolder/Level_01.unity using Guid(1457d1c12dd9eeb43b0fefecb05b6e5b) Importer(815301076,1909f56bfc062723c751e8b465ee728b)  -> (artifact id: 'baa3638aa1cb5f00409a1b434da0fba2') in 0.006573 seconds 
========================================================================
Received Prepare
Registering precompiled user dll's ...
Registered in 0.012178 seconds.
Begin MonoManager ReloadAssembly
Symbol file LoadedFromMemory doesn't match image C:\Users\Maria Eguenia  Rodri\Desktop\Progra-Sistemas\Progra-Sistemas\HunterXD\Library\PackageCache\com.unity.visualscripting@1.8.0\Editor\VisualScripting.Core\Dependencies\YamlDotNet\Unity.VisualScripting.YamlDotNet.dll
Symbol file LoadedFromMemory doesn't match image C:\Users\Maria Eguenia  Rodri\Desktop\Progra-Sistemas\Progra-Sistemas\HunterXD\Library\PackageCache\com.unity.visualscripting@1.8.0\Editor\VisualScripting.Core\Dependencies\DotNetZip\Unity.VisualScripting.IonicZip.dll
Native extension for WindowsStandalone target not found
Refreshing native plugins compatible for Editor in 2.03 ms, found 4 plugins.
Preloading 0 native plugins for Editor in 0.00 ms.
Mono: successfully reloaded assembly
- Completed reload, in  2.971 seconds
Domain Reload Profiling:
	ReloadAssembly (2972ms)
		BeginReloadAssembly (251ms)
			ExecutionOrderSort (0ms)
			DisableScriptedObjects (16ms)
			BackupInstance (0ms)
			ReleaseScriptingObjects (0ms)
			CreateAndSetChildDomain (52ms)
		EndReloadAssembly (2506ms)
			LoadAssemblies (189ms)
			RebuildTransferFunctionScriptingTraits (0ms)
			SetupTypeCache (670ms)
			ReleaseScriptCaches (2ms)
			RebuildScriptCaches (182ms)
			SetupLoadedEditorAssemblies (1176ms)
				LogAssemblyErrors (0ms)
				InitializePlatformSupportModulesInManaged (33ms)
				SetLoadedEditorAssemblies (1ms)
				RefreshPlugins (2ms)
				BeforeProcessingInitializeOnLoad (430ms)
				ProcessInitializeOnLoadAttributes (596ms)
				ProcessInitializeOnLoadMethodAttributes (98ms)
				AfterProcessingInitializeOnLoad (16ms)
				EditorAssembliesLoaded (0ms)
			ExecutionOrderSort2 (0ms)
			AwakeInstancesAfterBackupRestoration (13ms)
Platform modules already initialized, skipping
Refreshing native plugins compatible for Editor in 4.40 ms, found 4 plugins.
Preloading 0 native plugins for Editor in 0.00 ms.
Unloading 3817 Unused Serialized files (Serialized files now loaded: 0)
Unloading 22 unused Assets / (22.0 KB). Loaded Objects now: 4378.
Memory consumption went from 151.0 MB to 151.0 MB.
Total: 6.205500 ms (FindLiveObjects: 0.400900 ms CreateObjectMapping: 0.326900 ms MarkObjects: 5.422300 ms  DeleteObjects: 0.053800 ms)

AssetImportParameters requested are different than current active one (requested -> active):
  custom:video-decoder-ogg-theora: a1e56fd34408186e4bbccfd4996cb3dc -> 
  custom:container-muxer-webm: aa71ff27fc2769a1b78a27578f13a17b -> 
  custom:container-demuxer-webm: 4f35f7cbe854078d1ac9338744f61a02 -> 
  custom:video-encoder-webm-vp8: eb34c28f22e8b96e1ab97ce403110664 -> 
  custom:CustomObjectIndexerAttribute: bc11b3a6c3213fcdd17b65e7da85e133 -> 
  custom:audio-encoder-webm-vorbis: bf7c407c2cedff20999df2af8eb42d56 -> 
  custom:framework-win-MediaFoundation: 216162199b28c13a410421893ffa2e32 -> 
  custom:container-demuxer-ogg: 62fdf1f143b41e24485cea50d1cbac27 -> 
  custom:video-decoder-webm-vp8: 9c59270c3fd7afecdb556c50c9e8de78 -> 
  custom:audio-decoder-ogg-vorbis: bf7c407c2cedff20999df2af8eb42d56 -> 
========================================================================
Received Prepare
Registering precompiled user dll's ...
Registered in 0.011587 seconds.
Begin MonoManager ReloadAssembly
Symbol file LoadedFromMemory doesn't match image C:\Users\Maria Eguenia  Rodri\Desktop\Progra-Sistemas\Progra-Sistemas\HunterXD\Library\PackageCache\com.unity.visualscripting@1.8.0\Editor\VisualScripting.Core\Dependencies\YamlDotNet\Unity.VisualScripting.YamlDotNet.dll
Symbol file LoadedFromMemory doesn't match image C:\Users\Maria Eguenia  Rodri\Desktop\Progra-Sistemas\Progra-Sistemas\HunterXD\Library\PackageCache\com.unity.visualscripting@1.8.0\Editor\VisualScripting.Core\Dependencies\DotNetZip\Unity.VisualScripting.IonicZip.dll
Native extension for WindowsStandalone target not found
Refreshing native plugins compatible for Editor in 8.82 ms, found 4 plugins.
Preloading 0 native plugins for Editor in 0.00 ms.
Mono: successfully reloaded assembly
- Completed reload, in  3.734 seconds
Domain Reload Profiling:
	ReloadAssembly (3738ms)
		BeginReloadAssembly (265ms)
			ExecutionOrderSort (0ms)
			DisableScriptedObjects (15ms)
			BackupInstance (0ms)
			ReleaseScriptingObjects (0ms)
			CreateAndSetChildDomain (60ms)
		EndReloadAssembly (3217ms)
			LoadAssemblies (211ms)
			RebuildTransferFunctionScriptingTraits (0ms)
			SetupTypeCache (393ms)
			ReleaseScriptCaches (2ms)
			RebuildScriptCaches (271ms)
			SetupLoadedEditorAssemblies (2061ms)
				LogAssemblyErrors (0ms)
				InitializePlatformSupportModulesInManaged (30ms)
				SetLoadedEditorAssemblies (2ms)
				RefreshPlugins (9ms)
				BeforeProcessingInitializeOnLoad (380ms)
				ProcessInitializeOnLoadAttributes (1427ms)
				ProcessInitializeOnLoadMethodAttributes (171ms)
				AfterProcessingInitializeOnLoad (42ms)
				EditorAssembliesLoaded (1ms)
			ExecutionOrderSort2 (0ms)
			AwakeInstancesAfterBackupRestoration (31ms)
Platform modules already initialized, skipping
Refreshing native plugins compatible for Editor in 6.23 ms, found 4 plugins.
Preloading 0 native plugins for Editor in 0.00 ms.
Unloading 3817 Unused Serialized files (Serialized files now loaded: 0)
Unloading 22 unused Assets / (22.0 KB). Loaded Objects now: 4381.
Memory consumption went from 151.0 MB to 151.0 MB.
Total: 16.779400 ms (FindLiveObjects: 0.512500 ms CreateObjectMapping: 0.991000 ms MarkObjects: 15.206200 ms  DeleteObjects: 0.067900 ms)

AssetImportParameters requested are different than current active one (requested -> active):
  custom:video-decoder-ogg-theora: a1e56fd34408186e4bbccfd4996cb3dc -> 
  custom:container-muxer-webm: aa71ff27fc2769a1b78a27578f13a17b -> 
  custom:container-demuxer-webm: 4f35f7cbe854078d1ac9338744f61a02 -> 
  custom:video-encoder-webm-vp8: eb34c28f22e8b96e1ab97ce403110664 -> 
  custom:CustomObjectIndexerAttribute: bc11b3a6c3213fcdd17b65e7da85e133 -> 
  custom:audio-encoder-webm-vorbis: bf7c407c2cedff20999df2af8eb42d56 -> 
  custom:framework-win-MediaFoundation: 216162199b28c13a410421893ffa2e32 -> 
  custom:container-demuxer-ogg: 62fdf1f143b41e24485cea50d1cbac27 -> 
  custom:video-decoder-webm-vp8: 9c59270c3fd7afecdb556c50c9e8de78 -> 
  custom:audio-decoder-ogg-vorbis: bf7c407c2cedff20999df2af8eb42d56 -> 
